2023-05-16 11:44:55,984 INFO  [restartedMain] com.depo.DepoApplication:Starting DepoApplication using Java 11.0.9 on DESKTOP-R35UM7O with PID 16276 (C:\Users\Asus\Documents\Work Space STS\warehouse-management\target\classes started by Asus in C:\Users\Asus\Documents\Work Space STS\warehouse-management)
2023-05-16 11:44:55,989 DEBUG [restartedMain] com.depo.DepoApplication:Running with Spring Boot v2.7.6, Spring v5.3.24
2023-05-16 11:44:55,990 INFO  [restartedMain] com.depo.DepoApplication:No active profile set, falling back to 1 default profile: "default"
2023-05-16 11:44:55,991 DEBUG [restartedMain] org.springframework.boot.SpringApplication:Loading source class com.depo.DepoApplication
2023-05-16 11:44:56,052 DEBUG [restartedMain] org.springframework.boot.devtools.restart.ChangeableUrls:Matching URLs for reloading : [file:/C:/Users/Asus/Documents/Work%20Space%20STS/warehouse-management/target/classes/]
2023-05-16 11:44:56,053 DEBUG [restartedMain] org.springframework.boot.devtools.settings.DevToolsSettings:Included patterns for restart : []
2023-05-16 11:44:56,053 DEBUG [restartedMain] org.springframework.boot.devtools.settings.DevToolsSettings:Excluded patterns for restart : [/spring-boot-starter-[\w-]+/, /spring-boot/(bin|build|out)/, /spring-boot-starter/(bin|build|out)/, /spring-boot-devtools/(bin|build|out)/, /spring-boot-actuator/(bin|build|out)/, /spring-boot-autoconfigure/(bin|build|out)/]
2023-05-16 11:44:56,053 INFO  [restartedMain] org.springframework.boot.devtools.env.DevToolsPropertyDefaultsPostProcessor:Devtools property defaults active! Set 'spring.devtools.add-properties' to 'false' to disable
2023-05-16 11:44:56,053 INFO  [restartedMain] org.springframework.boot.devtools.env.DevToolsPropertyDefaultsPostProcessor:For additional web related logging consider setting the 'logging.level.web' property to 'DEBUG'
2023-05-16 11:44:56,054 DEBUG [restartedMain] org.springframework.boot.web.servlet.context.AnnotationConfigServletWebServerApplicationContext:Refreshing org.springframework.boot.web.servlet.context.AnnotationConfigServletWebServerApplicationContext@52454cae
2023-05-16 11:44:57,750 DEBUG [restartedMain] org.springframework.boot.web.embedded.tomcat.TomcatServletWebServerFactory:Code archive: C:\Users\Asus\.m2\repository\org\springframework\boot\spring-boot\2.7.6\spring-boot-2.7.6.jar
2023-05-16 11:44:57,751 DEBUG [restartedMain] org.springframework.boot.web.embedded.tomcat.TomcatServletWebServerFactory:Code archive: C:\Users\Asus\.m2\repository\org\springframework\boot\spring-boot\2.7.6\spring-boot-2.7.6.jar
2023-05-16 11:44:57,751 DEBUG [restartedMain] org.springframework.boot.web.embedded.tomcat.TomcatServletWebServerFactory:None of the document roots [src/main/webapp, public, static] point to a directory and will be ignored.
2023-05-16 11:44:57,837 INFO  [restartedMain] org.springframework.boot.web.embedded.tomcat.TomcatWebServer:Tomcat initialized with port(s): 8081 (http)
2023-05-16 11:44:57,938 DEBUG [restartedMain] org.springframework.boot.web.servlet.context.ServletWebServerApplicationContext:Published root WebApplicationContext as ServletContext attribute with name [org.springframework.web.context.WebApplicationContext.ROOT]
2023-05-16 11:44:57,939 INFO  [restartedMain] org.springframework.boot.web.servlet.context.ServletWebServerApplicationContext:Root WebApplicationContext: initialization completed in 1885 ms
2023-05-16 11:44:58,121 INFO  [restartedMain] org.hibernate.jpa.internal.util.LogHelper:HHH000204: Processing PersistenceUnitInfo [name: default]
2023-05-16 11:44:58,175 INFO  [restartedMain] org.hibernate.Version:HHH000412: Hibernate ORM core version 5.6.14.Final
2023-05-16 11:44:58,349 INFO  [restartedMain] org.hibernate.annotations.common.Version:HCANN000001: Hibernate Commons Annotations {5.1.2.Final}
2023-05-16 11:44:58,672 INFO  [restartedMain] org.hibernate.dialect.Dialect:HHH000400: Using dialect: org.hibernate.dialect.PostgreSQLDialect
2023-05-16 11:44:59,566 DEBUG [restartedMain] org.hibernate.SQL:
    
    alter table tbl_depo 
       add column product_id int8
2023-05-16 11:44:59,618 DEBUG [restartedMain] org.hibernate.SQL:
    
    alter table tbl_depo 
       add constraint FK7s8wislwvh7bhgoss2n80130o 
       foreign key (product_id) 
       references tbl_product
2023-05-16 11:44:59,682 INFO  [restartedMain] org.hibernate.engine.transaction.jta.platform.internal.JtaPlatformInitiator:HHH000490: Using JtaPlatform implementation: [org.hibernate.engine.transaction.jta.platform.internal.NoJtaPlatform]
2023-05-16 11:45:00,063 DEBUG [restartedMain] org.springframework.boot.context.properties.source.ConfigurationPropertySourcesPropertyResolver$DefaultResolver:Found key 'depo.app.jwtSecret' in PropertySource 'Config resource 'class path resource [application.yml]' via location 'optional:classpath:/'' with value of type String
2023-05-16 11:45:00,064 DEBUG [restartedMain] org.springframework.boot.context.properties.source.ConfigurationPropertySourcesPropertyResolver$DefaultResolver:Found key 'depo.app.jwtExpirationMs' in PropertySource 'Config resource 'class path resource [application.yml]' via location 'optional:classpath:/'' with value of type Integer
2023-05-16 11:45:00,086 DEBUG [restartedMain] org.springframework.boot.web.servlet.ServletContextInitializerBeans:Mapping filters: springSecurityFilterChain urls=[/*] order=-100, filterRegistrationBean urls=[/*] order=2147483647, characterEncodingFilter urls=[/*] order=-2147483648, formContentFilter urls=[/*] order=-9900, requestContextFilter urls=[/*] order=-105, authTokenFilter urls=[/*] order=2147483647
2023-05-16 11:45:00,086 DEBUG [restartedMain] org.springframework.boot.web.servlet.ServletContextInitializerBeans:Mapping servlets: dispatcherServlet urls=[/], messageDispatcherServlet urls=[/services/*]
2023-05-16 11:45:00,116 DEBUG [restartedMain] org.springframework.boot.web.servlet.filter.OrderedRequestContextFilter:Filter 'requestContextFilter' configured for use
2023-05-16 11:45:00,116 DEBUG [restartedMain] com.depo.security.jwt.AuthTokenFilter:Filter 'authTokenFilter' configured for use
2023-05-16 11:45:00,117 DEBUG [restartedMain] org.springframework.boot.web.servlet.filter.OrderedCharacterEncodingFilter:Filter 'characterEncodingFilter' configured for use
2023-05-16 11:45:00,117 DEBUG [restartedMain] org.springframework.boot.web.servlet.DelegatingFilterProxyRegistrationBean$1:Filter 'springSecurityFilterChain' configured for use
2023-05-16 11:45:00,117 DEBUG [restartedMain] org.springframework.boot.web.servlet.filter.OrderedFormContentFilter:Filter 'formContentFilter' configured for use
2023-05-16 11:45:00,768 DEBUG [restartedMain] org.springframework.boot.admin.SpringApplicationAdminMXBeanRegistrar$SpringApplicationAdmin:Application Admin MBean registered with name 'org.springframework.boot:type=Admin,name=SpringApplication'
2023-05-16 11:45:01,046 DEBUG [restartedMain] org.springframework.boot.devtools.livereload.LiveReloadServer:Starting live reload server on port 35729
2023-05-16 11:45:01,047 INFO  [restartedMain] org.springframework.boot.devtools.autoconfigure.OptionalLiveReloadServer:LiveReload server is running on port 35729
2023-05-16 11:45:01,092 INFO  [restartedMain] org.springframework.boot.web.embedded.tomcat.TomcatWebServer:Tomcat started on port(s): 8081 (http) with context path ''
2023-05-16 11:45:01,104 INFO  [restartedMain] com.depo.DepoApplication:Started DepoApplication in 5.643 seconds (JVM running for 6.648)
2023-05-16 11:45:01,106 DEBUG [restartedMain] org.springframework.boot.availability.ApplicationAvailabilityBean:Application availability state LivenessState changed to CORRECT
2023-05-16 11:45:01,107 DEBUG [restartedMain] org.springframework.boot.devtools.restart.Restarter:Creating new Restarter for thread Thread[main,5,main]
2023-05-16 11:45:01,108 DEBUG [restartedMain] org.springframework.boot.devtools.restart.Restarter:Immediately restarting application
2023-05-16 11:45:01,108 DEBUG [restartedMain] org.springframework.boot.devtools.restart.Restarter:Starting application com.depo.DepoApplication with URLs [file:/C:/Users/Asus/Documents/Work%20Space%20STS/warehouse-management/target/classes/]
2023-05-16 11:45:01,109 DEBUG [restartedMain] org.springframework.boot.availability.ApplicationAvailabilityBean:Application availability state ReadinessState changed to ACCEPTING_TRAFFIC
2023-05-16 11:45:32,311 INFO  [File Watcher] org.springframework.boot.devtools.autoconfigure.LocalDevToolsAutoConfiguration$RestartingClassPathChangeChangedEventListener:Restarting due to 17 class path changes (1 addition, 0 deletions, 16 modifications)
2023-05-16 11:45:32,313 DEBUG [File Watcher] org.springframework.boot.devtools.autoconfigure.LocalDevToolsAutoConfiguration$RestartingClassPathChangeChangedEventListener:Change set: %s[C:\Users\Asus\Documents\Work Space STS\warehouse-management\target\classes [C:\Users\Asus\Documents\Work Space STS\warehouse-management\target\classes\com\depo\controller\ProductController.class (MODIFY), C:\Users\Asus\Documents\Work Space STS\warehouse-management\target\classes\com\depo\controller\UserController.class (MODIFY), C:\Users\Asus\Documents\Work Space STS\warehouse-management\target\classes\com\depo\mapper\ProductMapper.class (MODIFY), C:\Users\Asus\Documents\Work Space STS\warehouse-management\target\classes\com\depo\mapper\ProductMapperImpl.class (ADD), C:\Users\Asus\Documents\Work Space STS\warehouse-management\target\classes\com\depo\report\ExcelReporter.class (MODIFY), C:\Users\Asus\Documents\Work Space STS\warehouse-management\target\classes\com\depo\requestDTO\LoginRequestDTO.class (MODIFY), C:\Users\Asus\Documents\Work Space STS\warehouse-management\target\classes\com\depo\requestDTO\ProductRequestDTO.class (MODIFY), C:\Users\Asus\Documents\Work Space STS\warehouse-management\target\classes\com\depo\responseDTO\LoginResponseDTO.class (MODIFY), C:\Users\Asus\Documents\Work Space STS\warehouse-management\target\classes\com\depo\responseDTO\ProductResponseDTO.class (MODIFY), C:\Users\Asus\Documents\Work Space STS\warehouse-management\target\classes\com\depo\security\jwt\AuthTokenFilter.class (MODIFY), C:\Users\Asus\Documents\Work Space STS\warehouse-management\target\classes\com\depo\security\SecurityConfig$1.class (MODIFY), C:\Users\Asus\Documents\Work Space STS\warehouse-management\target\classes\com\depo\security\SecurityConfig$2.class (MODIFY), C:\Users\Asus\Documents\Work Space STS\warehouse-management\target\classes\com\depo\security\SecurityConfig.class (MODIFY), C:\Users\Asus\Documents\Work Space STS\warehouse-management\target\classes\com\depo\security\service\UserDetailsImpl.class (MODIFY), C:\Users\Asus\Documents\Work Space STS\warehouse-management\target\classes\com\depo\security\service\UserDetailsServiceImpl.class (MODIFY), C:\Users\Asus\Documents\Work Space STS\warehouse-management\target\classes\com\depo\service\ProductService.class (MODIFY), C:\Users\Asus\Documents\Work Space STS\warehouse-management\target\classes\com\depo\utils\DataLoader.class (MODIFY)]]
2023-05-16 11:45:32,314 DEBUG [File Watcher] org.springframework.boot.devtools.restart.Restarter:Restarting application
2023-05-16 11:45:32,315 DEBUG [Thread-5] org.springframework.boot.devtools.restart.Restarter:Stopping application
2023-05-16 11:45:32,315 DEBUG [Thread-5] org.springframework.boot.availability.ApplicationAvailabilityBean:Application availability state ReadinessState changed from ACCEPTING_TRAFFIC to REFUSING_TRAFFIC
2023-05-16 11:45:32,315 DEBUG [Thread-5] org.springframework.boot.web.servlet.context.AnnotationConfigServletWebServerApplicationContext:Closing org.springframework.boot.web.servlet.context.AnnotationConfigServletWebServerApplicationContext@52454cae, started on Tue May 16 11:44:56 EET 2023
2023-05-16 11:45:32,566 DEBUG [Thread-5] org.springframework.boot.devtools.restart.classloader.RestartClassLoader:Created RestartClassLoader org.springframework.boot.devtools.restart.classloader.RestartClassLoader@78aed4ac
2023-05-16 11:45:32,566 DEBUG [Thread-5] org.springframework.boot.devtools.restart.Restarter:Starting application com.depo.DepoApplication with URLs [file:/C:/Users/Asus/Documents/Work%20Space%20STS/warehouse-management/target/classes/]
2023-05-16 11:45:32,615 INFO  [restartedMain] com.depo.DepoApplication:Starting DepoApplication using Java 11.0.9 on DESKTOP-R35UM7O with PID 16276 (C:\Users\Asus\Documents\Work Space STS\warehouse-management\target\classes started by Asus in C:\Users\Asus\Documents\Work Space STS\warehouse-management)
2023-05-16 11:45:32,615 DEBUG [restartedMain] com.depo.DepoApplication:Running with Spring Boot v2.7.6, Spring v5.3.24
2023-05-16 11:45:32,615 INFO  [restartedMain] com.depo.DepoApplication:No active profile set, falling back to 1 default profile: "default"
2023-05-16 11:45:32,615 DEBUG [restartedMain] org.springframework.boot.SpringApplication:Loading source class com.depo.DepoApplication
2023-05-16 11:45:32,618 DEBUG [restartedMain] org.springframework.boot.web.servlet.context.AnnotationConfigServletWebServerApplicationContext:Refreshing org.springframework.boot.web.servlet.context.AnnotationConfigServletWebServerApplicationContext@7a802063
2023-05-16 11:45:33,038 DEBUG [restartedMain] org.springframework.boot.web.embedded.tomcat.TomcatServletWebServerFactory:Code archive: C:\Users\Asus\.m2\repository\org\springframework\boot\spring-boot\2.7.6\spring-boot-2.7.6.jar
2023-05-16 11:45:33,038 DEBUG [restartedMain] org.springframework.boot.web.embedded.tomcat.TomcatServletWebServerFactory:Code archive: C:\Users\Asus\.m2\repository\org\springframework\boot\spring-boot\2.7.6\spring-boot-2.7.6.jar
2023-05-16 11:45:33,038 DEBUG [restartedMain] org.springframework.boot.web.embedded.tomcat.TomcatServletWebServerFactory:None of the document roots [src/main/webapp, public, static] point to a directory and will be ignored.
2023-05-16 11:45:33,061 INFO  [restartedMain] org.springframework.boot.web.embedded.tomcat.TomcatWebServer:Tomcat initialized with port(s): 8081 (http)
2023-05-16 11:45:33,086 DEBUG [restartedMain] org.springframework.boot.web.servlet.context.ServletWebServerApplicationContext:Published root WebApplicationContext as ServletContext attribute with name [org.springframework.web.context.WebApplicationContext.ROOT]
2023-05-16 11:45:33,086 INFO  [restartedMain] org.springframework.boot.web.servlet.context.ServletWebServerApplicationContext:Root WebApplicationContext: initialization completed in 468 ms
2023-05-16 11:45:33,152 INFO  [restartedMain] org.hibernate.jpa.internal.util.LogHelper:HHH000204: Processing PersistenceUnitInfo [name: default]
2023-05-16 11:45:33,230 INFO  [restartedMain] org.hibernate.dialect.Dialect:HHH000400: Using dialect: org.hibernate.dialect.PostgreSQLDialect
2023-05-16 11:45:33,433 INFO  [restartedMain] org.hibernate.engine.transaction.jta.platform.internal.JtaPlatformInitiator:HHH000490: Using JtaPlatform implementation: [org.hibernate.engine.transaction.jta.platform.internal.NoJtaPlatform]
2023-05-16 11:45:33,555 DEBUG [restartedMain] org.springframework.boot.context.properties.source.ConfigurationPropertySourcesPropertyResolver$DefaultResolver:Found key 'depo.app.jwtSecret' in PropertySource 'Config resource 'class path resource [application.yml]' via location 'optional:classpath:/'' with value of type String
2023-05-16 11:45:33,555 DEBUG [restartedMain] org.springframework.boot.context.properties.source.ConfigurationPropertySourcesPropertyResolver$DefaultResolver:Found key 'depo.app.jwtExpirationMs' in PropertySource 'Config resource 'class path resource [application.yml]' via location 'optional:classpath:/'' with value of type Integer
2023-05-16 11:45:33,575 DEBUG [restartedMain] org.springframework.boot.web.servlet.ServletContextInitializerBeans:Mapping filters: springSecurityFilterChain urls=[/*] order=-100, filterRegistrationBean urls=[/*] order=2147483647, characterEncodingFilter urls=[/*] order=-2147483648, formContentFilter urls=[/*] order=-9900, requestContextFilter urls=[/*] order=-105, authTokenFilter urls=[/*] order=2147483647
2023-05-16 11:45:33,575 DEBUG [restartedMain] org.springframework.boot.web.servlet.ServletContextInitializerBeans:Mapping servlets: dispatcherServlet urls=[/], messageDispatcherServlet urls=[/services/*]
2023-05-16 11:45:33,576 DEBUG [restartedMain] org.springframework.boot.web.servlet.filter.OrderedRequestContextFilter:Filter 'requestContextFilter' configured for use
2023-05-16 11:45:33,576 DEBUG [restartedMain] com.depo.security.jwt.AuthTokenFilter:Filter 'authTokenFilter' configured for use
2023-05-16 11:45:33,576 DEBUG [restartedMain] org.springframework.boot.web.servlet.filter.OrderedCharacterEncodingFilter:Filter 'characterEncodingFilter' configured for use
2023-05-16 11:45:33,576 DEBUG [restartedMain] org.springframework.boot.web.servlet.DelegatingFilterProxyRegistrationBean$1:Filter 'springSecurityFilterChain' configured for use
2023-05-16 11:45:33,577 DEBUG [restartedMain] org.springframework.boot.web.servlet.filter.OrderedFormContentFilter:Filter 'formContentFilter' configured for use
2023-05-16 11:45:33,924 DEBUG [restartedMain] org.springframework.boot.admin.SpringApplicationAdminMXBeanRegistrar$SpringApplicationAdmin:Application Admin MBean registered with name 'org.springframework.boot:type=Admin,name=SpringApplication'
2023-05-16 11:45:33,983 INFO  [restartedMain] org.springframework.boot.devtools.autoconfigure.OptionalLiveReloadServer:LiveReload server is running on port 35729
2023-05-16 11:45:33,998 INFO  [restartedMain] org.springframework.boot.web.embedded.tomcat.TomcatWebServer:Tomcat started on port(s): 8081 (http) with context path ''
2023-05-16 11:45:34,003 INFO  [restartedMain] com.depo.DepoApplication:Started DepoApplication in 1.429 seconds (JVM running for 39.546)
2023-05-16 11:45:34,003 DEBUG [restartedMain] org.springframework.boot.availability.ApplicationAvailabilityBean:Application availability state LivenessState changed to CORRECT
2023-05-16 11:45:34,005 INFO  [restartedMain] org.springframework.boot.devtools.autoconfigure.ConditionEvaluationDeltaLoggingListener:Condition evaluation unchanged
2023-05-16 11:45:34,005 DEBUG [restartedMain] org.springframework.boot.availability.ApplicationAvailabilityBean:Application availability state ReadinessState changed to ACCEPTING_TRAFFIC
2023-05-16 12:35:29,680 INFO  [RMI TCP Connection(40)-127.0.0.1] org.springframework.boot.admin.SpringApplicationAdminMXBeanRegistrar$SpringApplicationAdmin:Application shutdown requested.
2023-05-16 12:35:29,681 DEBUG [RMI TCP Connection(40)-127.0.0.1] org.springframework.boot.availability.ApplicationAvailabilityBean:Application availability state ReadinessState changed from ACCEPTING_TRAFFIC to REFUSING_TRAFFIC
2023-05-16 12:35:29,686 DEBUG [RMI TCP Connection(40)-127.0.0.1] org.springframework.boot.web.servlet.context.AnnotationConfigServletWebServerApplicationContext:Closing org.springframework.boot.web.servlet.context.AnnotationConfigServletWebServerApplicationContext@7a802063, started on Tue May 16 11:45:32 EET 2023
2023-05-16 12:36:28,290 INFO  [restartedMain] com.depo.DepoApplication:Starting DepoApplication using Java 11.0.9 on DESKTOP-R35UM7O with PID 12380 (C:\Users\Asus\Documents\Work Space STS\warehouse-management\target\classes started by Asus in C:\Users\Asus\Documents\Work Space STS\warehouse-management)
2023-05-16 12:36:28,291 DEBUG [restartedMain] com.depo.DepoApplication:Running with Spring Boot v2.7.6, Spring v5.3.24
2023-05-16 12:36:28,292 INFO  [restartedMain] com.depo.DepoApplication:No active profile set, falling back to 1 default profile: "default"
2023-05-16 12:36:28,293 DEBUG [restartedMain] org.springframework.boot.SpringApplication:Loading source class com.depo.DepoApplication
2023-05-16 12:36:28,347 DEBUG [restartedMain] org.springframework.boot.devtools.restart.ChangeableUrls:Matching URLs for reloading : [file:/C:/Users/Asus/Documents/Work%20Space%20STS/warehouse-management/target/classes/]
2023-05-16 12:36:28,348 DEBUG [restartedMain] org.springframework.boot.devtools.settings.DevToolsSettings:Included patterns for restart : []
2023-05-16 12:36:28,348 DEBUG [restartedMain] org.springframework.boot.devtools.settings.DevToolsSettings:Excluded patterns for restart : [/spring-boot-starter-[\w-]+/, /spring-boot/(bin|build|out)/, /spring-boot-starter/(bin|build|out)/, /spring-boot-devtools/(bin|build|out)/, /spring-boot-actuator/(bin|build|out)/, /spring-boot-autoconfigure/(bin|build|out)/]
2023-05-16 12:36:28,349 INFO  [restartedMain] org.springframework.boot.devtools.env.DevToolsPropertyDefaultsPostProcessor:Devtools property defaults active! Set 'spring.devtools.add-properties' to 'false' to disable
2023-05-16 12:36:28,349 INFO  [restartedMain] org.springframework.boot.devtools.env.DevToolsPropertyDefaultsPostProcessor:For additional web related logging consider setting the 'logging.level.web' property to 'DEBUG'
2023-05-16 12:36:28,350 DEBUG [restartedMain] org.springframework.boot.web.servlet.context.AnnotationConfigServletWebServerApplicationContext:Refreshing org.springframework.boot.web.servlet.context.AnnotationConfigServletWebServerApplicationContext@57d0010e
2023-05-16 12:36:30,064 DEBUG [restartedMain] org.springframework.boot.web.embedded.tomcat.TomcatServletWebServerFactory:Code archive: C:\Users\Asus\.m2\repository\org\springframework\boot\spring-boot\2.7.6\spring-boot-2.7.6.jar
2023-05-16 12:36:30,065 DEBUG [restartedMain] org.springframework.boot.web.embedded.tomcat.TomcatServletWebServerFactory:Code archive: C:\Users\Asus\.m2\repository\org\springframework\boot\spring-boot\2.7.6\spring-boot-2.7.6.jar
2023-05-16 12:36:30,065 DEBUG [restartedMain] org.springframework.boot.web.embedded.tomcat.TomcatServletWebServerFactory:None of the document roots [src/main/webapp, public, static] point to a directory and will be ignored.
2023-05-16 12:36:30,231 INFO  [restartedMain] org.springframework.boot.web.embedded.tomcat.TomcatWebServer:Tomcat initialized with port(s): 8081 (http)
2023-05-16 12:36:30,392 DEBUG [restartedMain] org.springframework.boot.web.servlet.context.ServletWebServerApplicationContext:Published root WebApplicationContext as ServletContext attribute with name [org.springframework.web.context.WebApplicationContext.ROOT]
2023-05-16 12:36:30,392 INFO  [restartedMain] org.springframework.boot.web.servlet.context.ServletWebServerApplicationContext:Root WebApplicationContext: initialization completed in 2042 ms
2023-05-16 12:36:30,573 INFO  [restartedMain] org.hibernate.jpa.internal.util.LogHelper:HHH000204: Processing PersistenceUnitInfo [name: default]
2023-05-16 12:36:30,631 INFO  [restartedMain] org.hibernate.Version:HHH000412: Hibernate ORM core version 5.6.14.Final
2023-05-16 12:36:30,817 INFO  [restartedMain] org.hibernate.annotations.common.Version:HCANN000001: Hibernate Commons Annotations {5.1.2.Final}
2023-05-16 12:36:31,387 INFO  [restartedMain] org.hibernate.dialect.Dialect:HHH000400: Using dialect: org.hibernate.dialect.PostgreSQLDialect
2023-05-16 12:36:32,575 INFO  [restartedMain] org.hibernate.engine.transaction.jta.platform.internal.JtaPlatformInitiator:HHH000490: Using JtaPlatform implementation: [org.hibernate.engine.transaction.jta.platform.internal.NoJtaPlatform]
2023-05-16 12:36:32,988 DEBUG [restartedMain] org.springframework.boot.context.properties.source.ConfigurationPropertySourcesPropertyResolver$DefaultResolver:Found key 'depo.app.jwtSecret' in PropertySource 'Config resource 'class path resource [application.yml]' via location 'optional:classpath:/'' with value of type String
2023-05-16 12:36:32,988 DEBUG [restartedMain] org.springframework.boot.context.properties.source.ConfigurationPropertySourcesPropertyResolver$DefaultResolver:Found key 'depo.app.jwtExpirationMs' in PropertySource 'Config resource 'class path resource [application.yml]' via location 'optional:classpath:/'' with value of type Integer
2023-05-16 12:36:33,013 DEBUG [restartedMain] org.springframework.boot.web.servlet.ServletContextInitializerBeans:Mapping filters: springSecurityFilterChain urls=[/*] order=-100, filterRegistrationBean urls=[/*] order=2147483647, characterEncodingFilter urls=[/*] order=-2147483648, formContentFilter urls=[/*] order=-9900, requestContextFilter urls=[/*] order=-105, authTokenFilter urls=[/*] order=2147483647
2023-05-16 12:36:33,013 DEBUG [restartedMain] org.springframework.boot.web.servlet.ServletContextInitializerBeans:Mapping servlets: dispatcherServlet urls=[/], messageDispatcherServlet urls=[/services/*]
2023-05-16 12:36:33,047 DEBUG [restartedMain] org.springframework.boot.web.servlet.filter.OrderedRequestContextFilter:Filter 'requestContextFilter' configured for use
2023-05-16 12:36:33,048 DEBUG [restartedMain] com.depo.security.jwt.AuthTokenFilter:Filter 'authTokenFilter' configured for use
2023-05-16 12:36:33,048 DEBUG [restartedMain] org.springframework.boot.web.servlet.filter.OrderedCharacterEncodingFilter:Filter 'characterEncodingFilter' configured for use
2023-05-16 12:36:33,049 DEBUG [restartedMain] org.springframework.boot.web.servlet.DelegatingFilterProxyRegistrationBean$1:Filter 'springSecurityFilterChain' configured for use
2023-05-16 12:36:33,049 DEBUG [restartedMain] org.springframework.boot.web.servlet.filter.OrderedFormContentFilter:Filter 'formContentFilter' configured for use
2023-05-16 12:36:33,908 DEBUG [restartedMain] org.springframework.boot.admin.SpringApplicationAdminMXBeanRegistrar$SpringApplicationAdmin:Application Admin MBean registered with name 'org.springframework.boot:type=Admin,name=SpringApplication'
2023-05-16 12:36:34,045 DEBUG [restartedMain] org.springframework.boot.devtools.livereload.LiveReloadServer:Starting live reload server on port 35729
2023-05-16 12:36:34,047 INFO  [restartedMain] org.springframework.boot.devtools.autoconfigure.OptionalLiveReloadServer:LiveReload server is running on port 35729
2023-05-16 12:36:34,089 INFO  [restartedMain] org.springframework.boot.web.embedded.tomcat.TomcatWebServer:Tomcat started on port(s): 8081 (http) with context path ''
2023-05-16 12:36:34,102 INFO  [restartedMain] com.depo.DepoApplication:Started DepoApplication in 6.325 seconds (JVM running for 7.391)
2023-05-16 12:36:34,103 DEBUG [restartedMain] org.springframework.boot.availability.ApplicationAvailabilityBean:Application availability state LivenessState changed to CORRECT
2023-05-16 12:36:34,105 DEBUG [restartedMain] org.springframework.boot.devtools.restart.Restarter:Creating new Restarter for thread Thread[main,5,main]
2023-05-16 12:36:34,105 DEBUG [restartedMain] org.springframework.boot.devtools.restart.Restarter:Immediately restarting application
2023-05-16 12:36:34,105 DEBUG [restartedMain] org.springframework.boot.devtools.restart.Restarter:Starting application com.depo.DepoApplication with URLs [file:/C:/Users/Asus/Documents/Work%20Space%20STS/warehouse-management/target/classes/]
2023-05-16 12:36:34,106 DEBUG [restartedMain] org.springframework.boot.availability.ApplicationAvailabilityBean:Application availability state ReadinessState changed to ACCEPTING_TRAFFIC
2023-05-16 12:36:45,993 ERROR [http-nio-8081-exec-2] com.depo.security.jwt.JwtUtils:JWT Token Validation Error
2023-05-16 12:36:46,339 DEBUG [http-nio-8081-exec-2] org.hibernate.SQL:
    select
        user0_.id as id1_5_0_,
        role2_.id as id1_3_1_,
        user0_.built_in as built_in2_5_0_,
        user0_.create_at as create_a3_5_0_,
        user0_.email as email4_5_0_,
        user0_.first_name as first_na5_5_0_,
        user0_.last_name as last_nam6_5_0_,
        user0_.password as password7_5_0_,
        user0_.phone as phone8_5_0_,
        user0_.status as status9_5_0_,
        user0_.update_at as update_10_5_0_,
        role2_.type as type2_3_1_,
        roles1_.user_id as user_id1_6_0__,
        roles1_.role_id as role_id2_6_0__ 
    from
        tbl_user user0_ 
    left outer join
        tbl_user_role roles1_ 
            on user0_.id=roles1_.user_id 
    left outer join
        tbl_role role2_ 
            on roles1_.role_id=role2_.id 
    where
        user0_.email=?
2023-05-16 12:37:05,087 DEBUG [http-nio-8081-exec-3] org.hibernate.SQL:
    select
        user0_.id as id1_5_0_,
        role2_.id as id1_3_1_,
        user0_.built_in as built_in2_5_0_,
        user0_.create_at as create_a3_5_0_,
        user0_.email as email4_5_0_,
        user0_.first_name as first_na5_5_0_,
        user0_.last_name as last_nam6_5_0_,
        user0_.password as password7_5_0_,
        user0_.phone as phone8_5_0_,
        user0_.status as status9_5_0_,
        user0_.update_at as update_10_5_0_,
        role2_.type as type2_3_1_,
        roles1_.user_id as user_id1_6_0__,
        roles1_.role_id as role_id2_6_0__ 
    from
        tbl_user user0_ 
    left outer join
        tbl_user_role roles1_ 
            on user0_.id=roles1_.user_id 
    left outer join
        tbl_role role2_ 
            on roles1_.role_id=role2_.id 
    where
        user0_.email=?
2023-05-16 12:37:05,115 DEBUG [http-nio-8081-exec-3] org.hibernate.SQL:
    select
        user0_.id as id1_5_0_,
        user0_.built_in as built_in2_5_0_,
        user0_.create_at as create_a3_5_0_,
        user0_.email as email4_5_0_,
        user0_.first_name as first_na5_5_0_,
        user0_.last_name as last_nam6_5_0_,
        user0_.password as password7_5_0_,
        user0_.phone as phone8_5_0_,
        user0_.status as status9_5_0_,
        user0_.update_at as update_10_5_0_ 
    from
        tbl_user user0_ 
    where
        user0_.id=?
2023-05-16 12:37:05,127 DEBUG [http-nio-8081-exec-3] org.hibernate.SQL:
    select
        roles0_.user_id as user_id1_6_0_,
        roles0_.role_id as role_id2_6_0_,
        role1_.id as id1_3_1_,
        role1_.type as type2_3_1_ 
    from
        tbl_user_role roles0_ 
    inner join
        tbl_role role1_ 
            on roles0_.role_id=role1_.id 
    where
        roles0_.user_id=?
2023-05-16 12:39:25,860 INFO  [RMI TCP Connection(6)-127.0.0.1] org.springframework.boot.admin.SpringApplicationAdminMXBeanRegistrar$SpringApplicationAdmin:Application shutdown requested.
2023-05-16 12:39:25,860 DEBUG [RMI TCP Connection(6)-127.0.0.1] org.springframework.boot.availability.ApplicationAvailabilityBean:Application availability state ReadinessState changed from ACCEPTING_TRAFFIC to REFUSING_TRAFFIC
2023-05-16 12:39:25,860 DEBUG [RMI TCP Connection(6)-127.0.0.1] org.springframework.boot.web.servlet.context.AnnotationConfigServletWebServerApplicationContext:Closing org.springframework.boot.web.servlet.context.AnnotationConfigServletWebServerApplicationContext@57d0010e, started on Tue May 16 12:36:28 EET 2023
